<?xml version="1.0" encoding="UTF-8"?>
<!-- Generated by org.testng.reporters.JUnitXMLReporter -->
<testsuite hostname="Rizwan-PC" name="Test" tests="8" failures="0" timestamp="29 Apr 2021 07:25:07 GMT" time="18.149" errors="0">
  <testcase name="@BeforeMethod BrowserOpening" time="0.0" classname="org.testing.TestScripts.TC8">
    <failure type="org.openqa.selenium.WebDriverException" message="chrome not reachable
  (Session info: chrome=90.0.4430.72)
  (Driver info: chromedriver=90.0.4430.24 (4c6d850f087da467d926e8eddb76550aed655991-refs/branch-heads/4430@{#429}),platform=Windows NT 10.0.19041 x86_64) (WARNING: The server did not provide any stacktrace information)
Command duration or timeout: 4.56 seconds
Build info: version: &amp;apos;2.48.2&amp;apos;, revision: &amp;apos;41bccdd&amp;apos;, time: &amp;apos;2015-10-09 19:55:52&amp;apos;
System info: host: &amp;apos;Rizwan-PC&amp;apos;, ip: &amp;apos;192.168.43.202&amp;apos;, os.name: &amp;apos;Windows 10&amp;apos;, os.arch: &amp;apos;amd64&amp;apos;, os.version: &amp;apos;10.0&amp;apos;, java.version: &amp;apos;1.8.0_201&amp;apos;
Driver info: org.openqa.selenium.chrome.ChromeDriver
Capabilities [{mobileEmulationEnabled=false, timeouts={implicit=0, pageLoad=300000, script=30000}, hasTouchScreen=false, platform=XP, acceptSslCerts=false, goog:chromeOptions={debuggerAddress=localhost:49347}, acceptInsecureCerts=false, webStorageEnabled=true, browserName=chrome, takesScreenshot=true, javascriptEnabled=true, setWindowRect=true, webauthn:extension:largeBlob=true, unexpectedAlertBehaviour=ignore, applicationCacheEnabled=false, rotatable=false, networkConnectionEnabled=false, chrome={chromedriverVersion=90.0.4430.24 (4c6d850f087da467d926e8eddb76550aed655991-refs/branch-heads/4430@{#429}), userDataDir=C:\Users\RIZWAN\AppData\Local\Temp\scoped_dir35672_2113040246}, takesHeapSnapshot=true, pageLoadStrategy=normal, strictFileInteractability=false, databaseEnabled=false, handlesAlerts=true, version=90.0.4430.72, browserConnectionEnabled=false, proxy={}, nativeEvents=true, locationContextEnabled=true, cssSelectorsEnabled=true, webauthn:virtualAuthenticators=true}]
Session ID: 10b7f157622d94fc6be4760ad75d3f4d">
      <![CDATA[org.openqa.selenium.WebDriverException: chrome not reachable
  (Session info: chrome=90.0.4430.72)
  (Driver info: chromedriver=90.0.4430.24 (4c6d850f087da467d926e8eddb76550aed655991-refs/branch-heads/4430@{#429}),platform=Windows NT 10.0.19041 x86_64) (WARNING: The server did not provide any stacktrace information)
Command duration or timeout: 4.56 seconds
Build info: version: '2.48.2', revision: '41bccdd', time: '2015-10-09 19:55:52'
System info: host: 'Rizwan-PC', ip: '192.168.43.202', os.name: 'Windows 10', os.arch: 'amd64', os.version: '10.0', java.version: '1.8.0_201'
Driver info: org.openqa.selenium.chrome.ChromeDriver
Capabilities [{mobileEmulationEnabled=false, timeouts={implicit=0, pageLoad=300000, script=30000}, hasTouchScreen=false, platform=XP, acceptSslCerts=false, goog:chromeOptions={debuggerAddress=localhost:49347}, acceptInsecureCerts=false, webStorageEnabled=true, browserName=chrome, takesScreenshot=true, javascriptEnabled=true, setWindowRect=true, webauthn:extension:largeBlob=true, unexpectedAlertBehaviour=ignore, applicationCacheEnabled=false, rotatable=false, networkConnectionEnabled=false, chrome={chromedriverVersion=90.0.4430.24 (4c6d850f087da467d926e8eddb76550aed655991-refs/branch-heads/4430@{#429}), userDataDir=C:\Users\RIZWAN\AppData\Local\Temp\scoped_dir35672_2113040246}, takesHeapSnapshot=true, pageLoadStrategy=normal, strictFileInteractability=false, databaseEnabled=false, handlesAlerts=true, version=90.0.4430.72, browserConnectionEnabled=false, proxy={}, nativeEvents=true, locationContextEnabled=true, cssSelectorsEnabled=true, webauthn:virtualAuthenticators=true}]
Session ID: 10b7f157622d94fc6be4760ad75d3f4d
	at org.openqa.selenium.remote.ErrorHandler.createThrowable(ErrorHandler.java:206)
	at org.openqa.selenium.remote.ErrorHandler.throwIfResponseFailed(ErrorHandler.java:158)
	at org.openqa.selenium.remote.RemoteWebDriver.execute(RemoteWebDriver.java:647)
	at org.openqa.selenium.remote.RemoteWebDriver$RemoteWebDriverOptions$RemoteWindow.maximize(RemoteWebDriver.java:907)
	at org.testing.Base.Base.BrowserOpening(Base.java:29)
... Removed 30 stack frames]]>
    </failure>
  </testcase> <!-- @BeforeMethod BrowserOpening -->
  <testcase name="@AfterMethod browserclose" time="0.0" classname="org.testing.TestScripts.TC8">
    <skipped/>
  </testcase> <!-- @AfterMethod browserclose -->
  <testcase name="@BeforeMethod BrowserOpening" time="0.0" classname="org.testing.TestScripts.TC7">
    <skipped/>
  </testcase> <!-- @BeforeMethod BrowserOpening -->
  <testcase name="@AfterMethod browserclose" time="0.0" classname="org.testing.TestScripts.TC7">
    <skipped/>
  </testcase> <!-- @AfterMethod browserclose -->
  <testcase name="@BeforeMethod BrowserOpening" time="0.0" classname="org.testing.TestScripts.TC6">
    <skipped/>
  </testcase> <!-- @BeforeMethod BrowserOpening -->
  <testcase name="@AfterMethod browserclose" time="0.0" classname="org.testing.TestScripts.TC6">
    <skipped/>
  </testcase> <!-- @AfterMethod browserclose -->
  <testcase name="@BeforeMethod BrowserOpening" time="0.0" classname="org.testing.TestScripts.TC5">
    <skipped/>
  </testcase> <!-- @BeforeMethod BrowserOpening -->
  <testcase name="@AfterMethod browserclose" time="0.0" classname="org.testing.TestScripts.TC5">
    <skipped/>
  </testcase> <!-- @AfterMethod browserclose -->
  <testcase name="@BeforeMethod BrowserOpening" time="0.0" classname="org.testing.TestScripts.TC4">
    <skipped/>
  </testcase> <!-- @BeforeMethod BrowserOpening -->
  <testcase name="@AfterMethod browserclose" time="0.0" classname="org.testing.TestScripts.TC4">
    <skipped/>
  </testcase> <!-- @AfterMethod browserclose -->
  <testcase name="@BeforeMethod BrowserOpening" time="0.0" classname="org.testing.TestScripts.TC3">
    <skipped/>
  </testcase> <!-- @BeforeMethod BrowserOpening -->
  <testcase name="@AfterMethod browserclose" time="0.0" classname="org.testing.TestScripts.TC3">
    <skipped/>
  </testcase> <!-- @AfterMethod browserclose -->
  <testcase name="@BeforeMethod BrowserOpening" time="0.0" classname="org.testing.TestScripts.TC2">
    <skipped/>
  </testcase> <!-- @BeforeMethod BrowserOpening -->
  <testcase name="@AfterMethod browserclose" time="0.0" classname="org.testing.TestScripts.TC2">
    <skipped/>
  </testcase> <!-- @AfterMethod browserclose -->
  <testcase name="@BeforeMethod BrowserOpening" time="0.0" classname="org.testing.TestScripts.TC1">
    <skipped/>
  </testcase> <!-- @BeforeMethod BrowserOpening -->
  <testcase name="@AfterMethod browserclose" time="0.0" classname="org.testing.TestScripts.TC1">
    <skipped/>
  </testcase> <!-- @AfterMethod browserclose -->
  <testcase name="login" time="0.001" classname="org.testing.TestScripts.TC8">
    <skipped/>
  </testcase> <!-- login -->
  <testcase name="login" time="0.002" classname="org.testing.TestScripts.TC7">
    <skipped/>
  </testcase> <!-- login -->
  <testcase name="login" time="0.004" classname="org.testing.TestScripts.TC6">
    <skipped/>
  </testcase> <!-- login -->
  <testcase name="login" time="0.009" classname="org.testing.TestScripts.TC5">
    <skipped/>
  </testcase> <!-- login -->
  <testcase name="login" time="0.007" classname="org.testing.TestScripts.TC4">
    <skipped/>
  </testcase> <!-- login -->
  <testcase name="login" time="0.006" classname="org.testing.TestScripts.TC3">
    <skipped/>
  </testcase> <!-- login -->
  <testcase name="login" time="0.004" classname="org.testing.TestScripts.TC2">
    <skipped/>
  </testcase> <!-- login -->
  <testcase name="login" time="0.004" classname="org.testing.TestScripts.TC1">
    <skipped/>
  </testcase> <!-- login -->
</testsuite> <!-- Test -->
