<html>
<head>
<title>TestNG:  Test</title>
<link href="../testng.css" rel="stylesheet" type="text/css" />
<link href="../my-testng.css" rel="stylesheet" type="text/css" />

<style type="text/css">
.log { display: none;} 
.stack-trace { display: none;} 
</style>
<script type="text/javascript">
<!--
function flip(e) {
  current = e.style.display;
  if (current == 'block') {
    e.style.display = 'none';
    return 0;
  }
  else {
    e.style.display = 'block';
    return 1;
  }
}

function toggleBox(szDivId, elem, msg1, msg2)
{
  var res = -1;  if (document.getElementById) {
    res = flip(document.getElementById(szDivId));
  }
  else if (document.all) {
    // this is the way old msie versions work
    res = flip(document.all[szDivId]);
  }
  if(elem) {
    if(res == 0) elem.innerHTML = msg1; else elem.innerHTML = msg2;
  }

}

function toggleAllBoxes() {
  if (document.getElementsByTagName) {
    d = document.getElementsByTagName('div');
    for (i = 0; i < d.length; i++) {
      if (d[i].className == 'log') {
        flip(d[i]);
      }
    }
  }
}

// -->
</script>

</head>
<body>
<h2 align='center'>Test</h2><table border='1' align="center">
<tr>
<td>Tests passed/Failed/Skipped:</td><td>0/1/7</td>
</tr><tr>
<td>Started on:</td><td>Thu Apr 29 12:59:34 IST 2021</td>
</tr>
<tr><td>Total time:</td><td>63 seconds (63220 ms)</td>
</tr><tr>
<td>Included groups:</td><td></td>
</tr><tr>
<td>Excluded groups:</td><td></td>
</tr>
</table><p/>
<small><i>(Hover the method name to see the test class name)</i></small><p/>
<table width='100%' border='1' class='invocation-failed'>
<tr><td colspan='4' align='center'><b>FAILED CONFIGURATIONS</b></td></tr>
<tr><td><b>Test method</b></td>
<td width="30%"><b>Exception</b></td>
<td width="10%"><b>Time (seconds)</b></td>
<td><b>Instance</b></td>
</tr>
<tr>
<td title='org.testing.TestScripts.TC7.BrowserOpening()'><b>BrowserOpening</b><br>Test class: org.testing.TestScripts.TC7</td>
<td><div><pre>org.openqa.selenium.WebDriverException: chrome not reachable
  (Session info: chrome=90.0.4430.72)
  (Driver info: chromedriver=89.0.4389.23 (61b08ee2c50024bab004e48d2b1b083cdbdac579-refs/branch-heads/4389@{#294}),platform=Windows NT 10.0.19041 x86_64) (WARNING: The server did not provide any stacktrace information)
Command duration or timeout: 4.76 seconds
Build info: version: &apos;2.45.0&apos;, revision: &apos;5017cb8e7ca8e37638dc3091b2440b90a1d8686f&apos;, time: &apos;2015-02-27 09:10:26&apos;
System info: host: &apos;Rizwan-PC&apos;, ip: &apos;192.168.43.202&apos;, os.name: &apos;Windows 10&apos;, os.arch: &apos;amd64&apos;, os.version: &apos;10.0&apos;, java.version: &apos;1.8.0_201&apos;
Driver info: org.openqa.selenium.chrome.ChromeDriver
Capabilities [{mobileEmulationEnabled=false, timeouts={implicit=0, pageLoad=300000, script=30000}, hasTouchScreen=false, platform=XP, acceptSslCerts=false, goog:chromeOptions={debuggerAddress=localhost:49470}, acceptInsecureCerts=false, webStorageEnabled=true, browserName=chrome, takesScreenshot=true, javascriptEnabled=true, setWindowRect=true, webauthn:extension:largeBlob=true, unexpectedAlertBehaviour=ignore, applicationCacheEnabled=false, rotatable=false, networkConnectionEnabled=false, chrome={chromedriverVersion=89.0.4389.23 (61b08ee2c50024bab004e48d2b1b083cdbdac579-refs/branch-heads/4389@{#294}), userDataDir=C:\Users\RIZWAN\AppData\Local\Temp\scoped_dir9724_1698522253}, takesHeapSnapshot=true, pageLoadStrategy=normal, strictFileInteractability=false, databaseEnabled=false, handlesAlerts=true, version=90.0.4430.72, browserConnectionEnabled=false, proxy={}, nativeEvents=true, locationContextEnabled=true, cssSelectorsEnabled=true, webauthn:virtualAuthenticators=true}]
Session ID: 1a8f96e8a474e539805db326025220a1
	at org.openqa.selenium.remote.ErrorHandler.createThrowable(ErrorHandler.java:204)
	at org.openqa.selenium.remote.ErrorHandler.throwIfResponseFailed(ErrorHandler.java:156)
	at org.openqa.selenium.remote.RemoteWebDriver.execute(RemoteWebDriver.java:599)
	at org.openqa.selenium.remote.RemoteWebDriver$RemoteWebDriverOptions$RemoteWindow.maximize(RemoteWebDriver.java:837)
	at org.testing.Base.Base.BrowserOpening(Base.java:29)
... Removed 33 stack frames</pre></div><a href='#' onClick='toggleBox("stack-trace1617838096", this, "Click to show all stack frames", "Click to hide stack frames")'>Click to show all stack frames</a>
<div class='stack-trace' id='stack-trace1617838096'><pre>org.openqa.selenium.WebDriverException: chrome not reachable
  (Session info: chrome=90.0.4430.72)
  (Driver info: chromedriver=89.0.4389.23 (61b08ee2c50024bab004e48d2b1b083cdbdac579-refs/branch-heads/4389@{#294}),platform=Windows NT 10.0.19041 x86_64) (WARNING: The server did not provide any stacktrace information)
Command duration or timeout: 4.76 seconds
Build info: version: &apos;2.45.0&apos;, revision: &apos;5017cb8e7ca8e37638dc3091b2440b90a1d8686f&apos;, time: &apos;2015-02-27 09:10:26&apos;
System info: host: &apos;Rizwan-PC&apos;, ip: &apos;192.168.43.202&apos;, os.name: &apos;Windows 10&apos;, os.arch: &apos;amd64&apos;, os.version: &apos;10.0&apos;, java.version: &apos;1.8.0_201&apos;
Driver info: org.openqa.selenium.chrome.ChromeDriver
Capabilities [{mobileEmulationEnabled=false, timeouts={implicit=0, pageLoad=300000, script=30000}, hasTouchScreen=false, platform=XP, acceptSslCerts=false, goog:chromeOptions={debuggerAddress=localhost:49470}, acceptInsecureCerts=false, webStorageEnabled=true, browserName=chrome, takesScreenshot=true, javascriptEnabled=true, setWindowRect=true, webauthn:extension:largeBlob=true, unexpectedAlertBehaviour=ignore, applicationCacheEnabled=false, rotatable=false, networkConnectionEnabled=false, chrome={chromedriverVersion=89.0.4389.23 (61b08ee2c50024bab004e48d2b1b083cdbdac579-refs/branch-heads/4389@{#294}), userDataDir=C:\Users\RIZWAN\AppData\Local\Temp\scoped_dir9724_1698522253}, takesHeapSnapshot=true, pageLoadStrategy=normal, strictFileInteractability=false, databaseEnabled=false, handlesAlerts=true, version=90.0.4430.72, browserConnectionEnabled=false, proxy={}, nativeEvents=true, locationContextEnabled=true, cssSelectorsEnabled=true, webauthn:virtualAuthenticators=true}]
Session ID: 1a8f96e8a474e539805db326025220a1
	at sun.reflect.NativeConstructorAccessorImpl.newInstance0(Native Method)
	at sun.reflect.NativeConstructorAccessorImpl.newInstance(Unknown Source)
	at sun.reflect.DelegatingConstructorAccessorImpl.newInstance(Unknown Source)
	at java.lang.reflect.Constructor.newInstance(Unknown Source)
	at org.openqa.selenium.remote.ErrorHandler.createThrowable(ErrorHandler.java:204)
	at org.openqa.selenium.remote.ErrorHandler.throwIfResponseFailed(ErrorHandler.java:156)
	at org.openqa.selenium.remote.RemoteWebDriver.execute(RemoteWebDriver.java:599)
	at org.openqa.selenium.remote.RemoteWebDriver$RemoteWebDriverOptions$RemoteWindow.maximize(RemoteWebDriver.java:837)
	at org.testing.Base.Base.BrowserOpening(Base.java:29)
	at sun.reflect.NativeMethodAccessorImpl.invoke0(Native Method)
	at sun.reflect.NativeMethodAccessorImpl.invoke(Unknown Source)
	at sun.reflect.DelegatingMethodAccessorImpl.invoke(Unknown Source)
	at java.lang.reflect.Method.invoke(Unknown Source)
	at org.testng.internal.MethodInvocationHelper.invokeMethod(MethodInvocationHelper.java:84)
	at org.testng.internal.Invoker.invokeConfigurationMethod(Invoker.java:564)
	at org.testng.internal.Invoker.invokeConfigurations(Invoker.java:213)
	at org.testng.internal.Invoker.invokeMethod(Invoker.java:653)
	at org.testng.internal.Invoker.invokeTestMethod(Invoker.java:901)
	at org.testng.internal.Invoker.invokeTestMethods(Invoker.java:1231)
	at org.testng.internal.TestMethodWorker.invokeTestMethods(TestMethodWorker.java:127)
	at org.testng.internal.TestMethodWorker.run(TestMethodWorker.java:111)
	at org.testng.TestRunner.privateRun(TestRunner.java:767)
	at org.testng.TestRunner.run(TestRunner.java:617)
	at org.testng.SuiteRunner.runTest(SuiteRunner.java:348)
	at org.testng.SuiteRunner.runSequentially(SuiteRunner.java:343)
	at org.testng.SuiteRunner.privateRun(SuiteRunner.java:305)
	at org.testng.SuiteRunner.run(SuiteRunner.java:254)
	at org.testng.SuiteRunnerWorker.runSuite(SuiteRunnerWorker.java:52)
	at org.testng.SuiteRunnerWorker.run(SuiteRunnerWorker.java:86)
	at org.testng.TestNG.runSuitesSequentially(TestNG.java:1224)
	at org.testng.TestNG.runSuitesLocally(TestNG.java:1149)
	at org.testng.TestNG.run(TestNG.java:1057)
	at org.apache.maven.surefire.testng.TestNGExecutor.run(TestNGExecutor.java:295)
	at org.apache.maven.surefire.testng.TestNGXmlTestSuite.execute(TestNGXmlTestSuite.java:84)
	at org.apache.maven.surefire.testng.TestNGProvider.invoke(TestNGProvider.java:90)
	at org.apache.maven.surefire.booter.ForkedBooter.invokeProviderInSameClassLoader(ForkedBooter.java:203)
	at org.apache.maven.surefire.booter.ForkedBooter.runSuitesInProcess(ForkedBooter.java:155)
	at org.apache.maven.surefire.booter.ForkedBooter.main(ForkedBooter.java:103)
</pre></div></td>
<td>0</td>
<td>org.testing.TestScripts.TC7@17695df3</td></tr>
</table><p>
<table width='100%' border='1' class='invocation-skipped'>
<tr><td colspan='4' align='center'><b>SKIPPED CONFIGURATIONS</b></td></tr>
<tr><td><b>Test method</b></td>
<td width="30%"><b>Exception</b></td>
<td width="10%"><b>Time (seconds)</b></td>
<td><b>Instance</b></td>
</tr>
<tr>
<td title='org.testing.TestScripts.TC6.BrowserOpening()'><b>BrowserOpening</b><br>Test class: org.testing.TestScripts.TC6</td>
<td></td>
<td>0</td>
<td>org.testing.TestScripts.TC6@de3a06f</td></tr>
<tr>
<td title='org.testing.TestScripts.TC5.BrowserOpening()'><b>BrowserOpening</b><br>Test class: org.testing.TestScripts.TC5</td>
<td></td>
<td>0</td>
<td>org.testing.TestScripts.TC5@140e5a13</td></tr>
<tr>
<td title='org.testing.TestScripts.TC4.BrowserOpening()'><b>BrowserOpening</b><br>Test class: org.testing.TestScripts.TC4</td>
<td></td>
<td>0</td>
<td>org.testing.TestScripts.TC4@5f71c76a</td></tr>
<tr>
<td title='org.testing.TestScripts.TC3.BrowserOpening()'><b>BrowserOpening</b><br>Test class: org.testing.TestScripts.TC3</td>
<td></td>
<td>0</td>
<td>org.testing.TestScripts.TC3@3439f68d</td></tr>
<tr>
<td title='org.testing.TestScripts.TC2.BrowserOpening()'><b>BrowserOpening</b><br>Test class: org.testing.TestScripts.TC2</td>
<td></td>
<td>0</td>
<td>org.testing.TestScripts.TC2@dbd940d</td></tr>
<tr>
<td title='org.testing.TestScripts.TC1.BrowserOpening()'><b>BrowserOpening</b><br>Test class: org.testing.TestScripts.TC1</td>
<td></td>
<td>0</td>
<td>org.testing.TestScripts.TC1@71d15f18</td></tr>
<tr>
<td title='org.testing.TestScripts.TC7.browserclose()'><b>browserclose</b><br>Test class: org.testing.TestScripts.TC7</td>
<td></td>
<td>0</td>
<td>org.testing.TestScripts.TC7@17695df3</td></tr>
<tr>
<td title='org.testing.TestScripts.TC6.browserclose()'><b>browserclose</b><br>Test class: org.testing.TestScripts.TC6</td>
<td></td>
<td>0</td>
<td>org.testing.TestScripts.TC6@de3a06f</td></tr>
<tr>
<td title='org.testing.TestScripts.TC5.browserclose()'><b>browserclose</b><br>Test class: org.testing.TestScripts.TC5</td>
<td></td>
<td>0</td>
<td>org.testing.TestScripts.TC5@140e5a13</td></tr>
<tr>
<td title='org.testing.TestScripts.TC4.browserclose()'><b>browserclose</b><br>Test class: org.testing.TestScripts.TC4</td>
<td></td>
<td>0</td>
<td>org.testing.TestScripts.TC4@5f71c76a</td></tr>
<tr>
<td title='org.testing.TestScripts.TC3.browserclose()'><b>browserclose</b><br>Test class: org.testing.TestScripts.TC3</td>
<td></td>
<td>0</td>
<td>org.testing.TestScripts.TC3@3439f68d</td></tr>
<tr>
<td title='org.testing.TestScripts.TC2.browserclose()'><b>browserclose</b><br>Test class: org.testing.TestScripts.TC2</td>
<td></td>
<td>0</td>
<td>org.testing.TestScripts.TC2@dbd940d</td></tr>
<tr>
<td title='org.testing.TestScripts.TC1.browserclose()'><b>browserclose</b><br>Test class: org.testing.TestScripts.TC1</td>
<td></td>
<td>0</td>
<td>org.testing.TestScripts.TC1@71d15f18</td></tr>
</table><p>
<table width='100%' border='1' class='invocation-failed'>
<tr><td colspan='4' align='center'><b>FAILED TESTS</b></td></tr>
<tr><td><b>Test method</b></td>
<td width="30%"><b>Exception</b></td>
<td width="10%"><b>Time (seconds)</b></td>
<td><b>Instance</b></td>
</tr>
<tr>
<td title='org.testing.TestScripts.TC8.login()'><b>login</b><br>Test class: org.testing.TestScripts.TC8</td>
<td><div><pre>java.lang.IndexOutOfBoundsException: Index: 3, Size: 0
	at java.util.ArrayList.rangeCheck(Unknown Source)
	at java.util.ArrayList.get(Unknown Source)
	at org.testing.TestScripts.TC8.login(TC8.java:37)
... Removed 27 stack frames</pre></div><a href='#' onClick='toggleBox("stack-trace1261031890", this, "Click to show all stack frames", "Click to hide stack frames")'>Click to show all stack frames</a>
<div class='stack-trace' id='stack-trace1261031890'><pre>java.lang.IndexOutOfBoundsException: Index: 3, Size: 0
	at java.util.ArrayList.rangeCheck(Unknown Source)
	at java.util.ArrayList.get(Unknown Source)
	at org.testing.TestScripts.TC8.login(TC8.java:37)
	at sun.reflect.NativeMethodAccessorImpl.invoke0(Native Method)
	at sun.reflect.NativeMethodAccessorImpl.invoke(Unknown Source)
	at sun.reflect.DelegatingMethodAccessorImpl.invoke(Unknown Source)
	at java.lang.reflect.Method.invoke(Unknown Source)
	at org.testng.internal.MethodInvocationHelper.invokeMethod(MethodInvocationHelper.java:84)
	at org.testng.internal.Invoker.invokeMethod(Invoker.java:714)
	at org.testng.internal.Invoker.invokeTestMethod(Invoker.java:901)
	at org.testng.internal.Invoker.invokeTestMethods(Invoker.java:1231)
	at org.testng.internal.TestMethodWorker.invokeTestMethods(TestMethodWorker.java:127)
	at org.testng.internal.TestMethodWorker.run(TestMethodWorker.java:111)
	at org.testng.TestRunner.privateRun(TestRunner.java:767)
	at org.testng.TestRunner.run(TestRunner.java:617)
	at org.testng.SuiteRunner.runTest(SuiteRunner.java:348)
	at org.testng.SuiteRunner.runSequentially(SuiteRunner.java:343)
	at org.testng.SuiteRunner.privateRun(SuiteRunner.java:305)
	at org.testng.SuiteRunner.run(SuiteRunner.java:254)
	at org.testng.SuiteRunnerWorker.runSuite(SuiteRunnerWorker.java:52)
	at org.testng.SuiteRunnerWorker.run(SuiteRunnerWorker.java:86)
	at org.testng.TestNG.runSuitesSequentially(TestNG.java:1224)
	at org.testng.TestNG.runSuitesLocally(TestNG.java:1149)
	at org.testng.TestNG.run(TestNG.java:1057)
	at org.apache.maven.surefire.testng.TestNGExecutor.run(TestNGExecutor.java:295)
	at org.apache.maven.surefire.testng.TestNGXmlTestSuite.execute(TestNGXmlTestSuite.java:84)
	at org.apache.maven.surefire.testng.TestNGProvider.invoke(TestNGProvider.java:90)
	at org.apache.maven.surefire.booter.ForkedBooter.invokeProviderInSameClassLoader(ForkedBooter.java:203)
	at org.apache.maven.surefire.booter.ForkedBooter.runSuitesInProcess(ForkedBooter.java:155)
	at org.apache.maven.surefire.booter.ForkedBooter.main(ForkedBooter.java:103)
</pre></div></td>
<td>23</td>
<td>org.testing.TestScripts.TC8@60438a68</td></tr>
</table><p>
<table width='100%' border='1' class='invocation-skipped'>
<tr><td colspan='4' align='center'><b>SKIPPED TESTS</b></td></tr>
<tr><td><b>Test method</b></td>
<td width="30%"><b>Exception</b></td>
<td width="10%"><b>Time (seconds)</b></td>
<td><b>Instance</b></td>
</tr>
<tr>
<td title='org.testing.TestScripts.TC7.login()'><b>login</b><br>Test class: org.testing.TestScripts.TC7</td>
<td></td>
<td>0</td>
<td>org.testing.TestScripts.TC7@17695df3</td></tr>
<tr>
<td title='org.testing.TestScripts.TC6.login()'><b>login</b><br>Test class: org.testing.TestScripts.TC6</td>
<td></td>
<td>0</td>
<td>org.testing.TestScripts.TC6@de3a06f</td></tr>
<tr>
<td title='org.testing.TestScripts.TC5.login()'><b>login</b><br>Test class: org.testing.TestScripts.TC5</td>
<td></td>
<td>0</td>
<td>org.testing.TestScripts.TC5@140e5a13</td></tr>
<tr>
<td title='org.testing.TestScripts.TC4.login()'><b>login</b><br>Test class: org.testing.TestScripts.TC4</td>
<td></td>
<td>0</td>
<td>org.testing.TestScripts.TC4@5f71c76a</td></tr>
<tr>
<td title='org.testing.TestScripts.TC3.login()'><b>login</b><br>Test class: org.testing.TestScripts.TC3</td>
<td></td>
<td>0</td>
<td>org.testing.TestScripts.TC3@3439f68d</td></tr>
<tr>
<td title='org.testing.TestScripts.TC2.login()'><b>login</b><br>Test class: org.testing.TestScripts.TC2</td>
<td></td>
<td>0</td>
<td>org.testing.TestScripts.TC2@dbd940d</td></tr>
<tr>
<td title='org.testing.TestScripts.TC1.login()'><b>login</b><br>Test class: org.testing.TestScripts.TC1</td>
<td></td>
<td>0</td>
<td>org.testing.TestScripts.TC1@71d15f18</td></tr>
</table><p>
</body>
</html>