<!DOCTYPE html PUBLIC "-//W3C//DTD XHTML 1.1//EN" "http://www.w3.org/TR/xhtml11/DTD/xhtml11.dtd">
<html xmlns="http://www.w3.org/1999/xhtml"><head><title>TestNG Report</title><style type="text/css">table {margin-bottom:10px;border-collapse:collapse;empty-cells:show}th,td {border:1px solid #009;padding:.25em .5em}th {vertical-align:bottom}td {vertical-align:top}table a {font-weight:bold}.stripe td {background-color: #E6EBF9}.num {text-align:right}.passedodd td {background-color: #3F3}.passedeven td {background-color: #0A0}.skippedodd td {background-color: #DDD}.skippedeven td {background-color: #CCC}.failedodd td,.attn {background-color: #F33}.failedeven td,.stripe .attn {background-color: #D00}.stacktrace {white-space:pre;font-family:monospace}.totop {font-size:85%;text-align:center;border-bottom:2px solid #000}</style></head><body><table><tr><th>Test</th><th># Passed</th><th># Skipped</th><th># Failed</th><th>Time (ms)</th><th>Included Groups</th><th>Excluded Groups</th></tr><tr><th colspan="7">Suite</th></tr><tr><td><a href="#t0">Test</a></td><td class="num">5</td><td class="num">0</td><td class="num attn">3</td><td class="num">373,674</td><td></td><td></td></tr></table><table><thead><tr><th>Class</th><th>Method</th><th>Start</th><th>Time (ms)</th></tr></thead><tbody><tr><th colspan="4">Suite</th></tr></tbody><tbody id="t0"><tr><th colspan="4">Test &#8212; failed</th></tr><tr class="failedeven"><td rowspan="1">org.testing.TestScripts.TC1</td><td><a href="#m0">login</a></td><td rowspan="1">1619692566717</td><td rowspan="1">38429</td></tr><tr class="failedodd"><td rowspan="1">org.testing.TestScripts.TC5</td><td><a href="#m1">login</a></td><td rowspan="1">1619692402149</td><td rowspan="1">22487</td></tr><tr class="failedeven"><td rowspan="1">org.testing.TestScripts.TC7</td><td><a href="#m2">login</a></td><td rowspan="1">1619692309115</td><td rowspan="1">24410</td></tr><tr><th colspan="4">Test &#8212; passed</th></tr><tr class="passedeven"><td rowspan="1">org.testing.TestScripts.TC2</td><td><a href="#m3">login</a></td><td rowspan="1">1619692528882</td><td rowspan="1">29570</td></tr><tr class="passedodd"><td rowspan="1">org.testing.TestScripts.TC3</td><td><a href="#m4">login</a></td><td rowspan="1">1619692487899</td><td rowspan="1">33497</td></tr><tr class="passedeven"><td rowspan="1">org.testing.TestScripts.TC4</td><td><a href="#m5">login</a></td><td rowspan="1">1619692438085</td><td rowspan="1">41100</td></tr><tr class="passedodd"><td rowspan="1">org.testing.TestScripts.TC6</td><td><a href="#m6">login</a></td><td rowspan="1">1619692347250</td><td rowspan="1">43176</td></tr><tr class="passedeven"><td rowspan="1">org.testing.TestScripts.TC8</td><td><a href="#m7">login</a></td><td rowspan="1">1619692246705</td><td rowspan="1">54746</td></tr></tbody></table><h2>Test</h2><h3 id="m0">org.testing.TestScripts.TC1#login</h3><table class="result"><tr><th>Exception</th></tr><tr><td><div class="stacktrace">java.lang.NoClassDefFoundError: org/apache/log4j/xml/DOMConfigurator
	at org.testing.Utilities.LogsCapture.takelogs(LogsCapture.java:9)
	at org.testing.TestScripts.TC1.login(TC1.java:50)
Caused by: java.lang.ClassNotFoundException: org.apache.log4j.xml.DOMConfigurator
	at java.net.URLClassLoader.findClass(Unknown Source)
	at java.lang.ClassLoader.loadClass(Unknown Source)
	at sun.misc.Launcher$AppClassLoader.loadClass(Unknown Source)
	at java.lang.ClassLoader.loadClass(Unknown Source)
	... 29 more
... Removed 27 stack frames</div></td></tr></table><p class="totop"><a href="#summary">back to summary</a></p><h3 id="m1">org.testing.TestScripts.TC5#login</h3><table class="result"><tr><th>Exception</th></tr><tr><td><div class="stacktrace">org.openqa.selenium.NoSuchElementException: no such element: Unable to locate element: {&quot;method&quot;:&quot;xpath&quot;,&quot;selector&quot;:&quot;//paper-button[@class=&apos;style-scope ytd-subscribe-button-renderer&apos;]&quot;}
  (Session info: chrome=90.0.4430.72)
  (Driver info: chromedriver=90.0.4430.24 (4c6d850f087da467d926e8eddb76550aed655991-refs/branch-heads/4430@{#429}),platform=Windows NT 10.0.19041 x86_64) (WARNING: The server did not provide any stacktrace information)
Command duration or timeout: 59 milliseconds
For documentation on this error, please visit: http://seleniumhq.org/exceptions/no_such_element.html
Build info: version: &apos;2.45.0&apos;, revision: &apos;5017cb8e7ca8e37638dc3091b2440b90a1d8686f&apos;, time: &apos;2015-02-27 09:10:26&apos;
System info: host: &apos;Rizwan-PC&apos;, ip: &apos;192.168.43.202&apos;, os.name: &apos;Windows 10&apos;, os.arch: &apos;amd64&apos;, os.version: &apos;10.0&apos;, java.version: &apos;1.8.0_201&apos;
Driver info: org.openqa.selenium.chrome.ChromeDriver
Capabilities [{mobileEmulationEnabled=false, timeouts={implicit=0, pageLoad=300000, script=30000}, hasTouchScreen=false, platform=XP, acceptSslCerts=false, goog:chromeOptions={debuggerAddress=localhost:51235}, acceptInsecureCerts=false, webStorageEnabled=true, browserName=chrome, takesScreenshot=true, javascriptEnabled=true, setWindowRect=true, webauthn:extension:largeBlob=true, unexpectedAlertBehaviour=ignore, applicationCacheEnabled=false, rotatable=false, networkConnectionEnabled=false, chrome={chromedriverVersion=90.0.4430.24 (4c6d850f087da467d926e8eddb76550aed655991-refs/branch-heads/4430@{#429}), userDataDir=C:\Users\RIZWAN\AppData\Local\Temp\scoped_dir16184_1634965393}, takesHeapSnapshot=true, pageLoadStrategy=normal, strictFileInteractability=false, databaseEnabled=false, handlesAlerts=true, version=90.0.4430.72, browserConnectionEnabled=false, proxy={}, nativeEvents=true, locationContextEnabled=true, cssSelectorsEnabled=true, webauthn:virtualAuthenticators=true}]
Session ID: 35af523d9cfb46b172e09a615ec6ebe5
*** Element info: {Using=xpath, value=//paper-button[@class=&apos;style-scope ytd-subscribe-button-renderer&apos;]}
	at org.openqa.selenium.remote.ErrorHandler.createThrowable(ErrorHandler.java:204)
	at org.openqa.selenium.remote.ErrorHandler.throwIfResponseFailed(ErrorHandler.java:156)
	at org.openqa.selenium.remote.RemoteWebDriver.execute(RemoteWebDriver.java:599)
	at org.openqa.selenium.remote.RemoteWebDriver.findElement(RemoteWebDriver.java:352)
	at org.openqa.selenium.remote.RemoteWebDriver.findElementByXPath(RemoteWebDriver.java:449)
	at org.openqa.selenium.By$ByXPath.findElement(By.java:357)
	at org.openqa.selenium.remote.RemoteWebDriver.findElement(RemoteWebDriver.java:344)
	at org.testing.TestScripts.TC5.login(TC5.java:39)
... Removed 31 stack frames</div></td></tr></table><p class="totop"><a href="#summary">back to summary</a></p><h3 id="m2">org.testing.TestScripts.TC7#login</h3><table class="result"><tr><th>Exception</th></tr><tr><td><div class="stacktrace">java.lang.IndexOutOfBoundsException: Index: 0, Size: 0
	at java.util.ArrayList.rangeCheck(Unknown Source)
	at java.util.ArrayList.get(Unknown Source)
	at org.testing.TestScripts.TC7.login(TC7.java:45)
... Removed 27 stack frames</div></td></tr></table><p class="totop"><a href="#summary">back to summary</a></p><h3 id="m3">org.testing.TestScripts.TC2#login</h3><table class="result"></table><p class="totop"><a href="#summary">back to summary</a></p><h3 id="m4">org.testing.TestScripts.TC3#login</h3><table class="result"></table><p class="totop"><a href="#summary">back to summary</a></p><h3 id="m5">org.testing.TestScripts.TC4#login</h3><table class="result"></table><p class="totop"><a href="#summary">back to summary</a></p><h3 id="m6">org.testing.TestScripts.TC6#login</h3><table class="result"></table><p class="totop"><a href="#summary">back to summary</a></p><h3 id="m7">org.testing.TestScripts.TC8#login</h3><table class="result"></table><p class="totop"><a href="#summary">back to summary</a></p></body></html>